<?xml version="1.0" encoding="UTF-8"?>
<!-- Generated by org.testng.reporters.JUnitReportReporter -->
<testsuite hostname="DESKTOP-7O36KQK" failures="0" tests="1" name="testCases.TC001_AccountRegistration" time="3.026" errors="0" timestamp="2025-01-08T00:07:47 IST" skipped="0">
  <testcase classname="testCases.TC001_AccountRegistration" name="verify_Account_Registration" time="3.026"/>
</testsuite> <!-- testCases.TC001_AccountRegistration -->
