<?xml version="1.0" encoding="UTF-8"?>
<!-- Generated by org.testng.reporters.JUnitReportReporter -->
<testsuite hostname="DESKTOP-7O36KQK" failures="0" tests="5" name="testCases.TC003_LoginDDT" time="78.210" errors="0" timestamp="2025-01-05T18:39:43 IST" skipped="0">
  <testcase classname="testCases.TC003_LoginDDT" name="verify_LoginDDT" time="23.155"/>
  <testcase classname="testCases.TC003_LoginDDT" name="verify_LoginDDT" time="23.202"/>
  <testcase classname="testCases.TC003_LoginDDT" name="verify_LoginDDT" time="3.710"/>
  <testcase classname="testCases.TC003_LoginDDT" name="verify_LoginDDT" time="23.302"/>
  <testcase classname="testCases.TC003_LoginDDT" name="verify_LoginDDT" time="4.841"/>
</testsuite> <!-- testCases.TC003_LoginDDT -->
