<?xml version="1.0" encoding="UTF-8"?>
<!-- Generated by org.testng.reporters.JUnitReportReporter -->
<testsuite hostname="DESKTOP-7O36KQK" failures="0" tests="1" name="testCases.TC002_Login" time="4.119" errors="0" timestamp="2025-01-08T00:07:47 IST" skipped="0">
  <testcase classname="testCases.TC002_Login" name="verify_Login" time="4.119"/>
</testsuite> <!-- testCases.TC002_Login -->
