<?xml version="1.0" encoding="UTF-8"?>
<!-- Generated by org.testng.reporters.JUnitReportReporter -->
<testsuite hostname="DESKTOP-7O36KQK" failures="0" tests="1" name="testCases.TC002_Login" time="3.772" errors="0" timestamp="2025-01-08T01:20:35 IST" skipped="0">
  <testcase classname="testCases.TC002_Login" name="verify_Login" time="3.772"/>
</testsuite> <!-- testCases.TC002_Login -->
